500
0 3715 522 4304 7837 3416 6232 7455 6013 7887 3203 1401
1 4381 8035 6249 3712 1531 5752 3243 4318 3354 2523 1901
2 2991 4240 7884 5883 6162 5744 1957 3662 522 4362
3 6613 7642 6920 5863 2145 668 2484 4249 8907 5820 1888 1410 2018 2318
4 1880 2817 75 8731 8476 5304 7278 9644 6465 7448 8720 1808 8786 6914
5 1244 4466 3662 6764 6199 1332 9766 1313 9032
6 7279 3920 4504 3464 2702 4954 640 3361 2729 1577
7 7660 5141 3695 3236 212 8615 8473 298 4152 3084 3015
8 6741 9045 872 2947 5276 4968 4147 3501 350
9 7887 690 2239 9694
10 7843 2598 764 5780 7657 9351 4511 5660 8554
11 5875 1689 217 1896 432 8219 7547 4234 2258 6434 7692
12 6103 8030 1204 2803 8162 4480 5179
13 4391 2734 8598 8542 4209 4567 9743 8757
14 5461 2359 7423 5582 1255 5274 5863 38 4065 7370 9638
15 3814 8913 7689 2050 2705
16 696 5099 7661 4559 7436 1006 9038
17 8033 8062 7267 6152 5994 4296 3280 4043 850 750 7371 7598
18 6387 9021 6901 9852 8059 2810
19 4177 6598 642 5964 3963 8586 244 6170 4067
20 3793 9607 3872 1969 7830 5333 1191 3326 3074 9726 7243
21 4671 7625 2790 4355 2943 9400 7770 2634 469
22 5666 1419 1570 65 2989 1344 5784 1055 4109 6225
23 8493 8865 3148 4040 9156 2523 8966
24 6212 8904 3870 62 6702 9607 3484
25 4070 9532 6696 8102 8035 1119
26 4524 5166 8989 6714 6940 6235 5965 661 9818 6205 1112
27 6400 1276 2611 5861 6357 1392 1472 6378 5885 6762 4207 3173
28 2925 6027 4090 1413 6642 1755 7745 5782 9219
29 6571 3687 8347 609 4796 4223 7260 9231
30 493 2370 1961 5862 94 6533 5393 5391 8966 2048
31 8246 4210 1933 8300 4789 8402 1386 6972
32 184 1312 8911 9799 6764 3666 5191 7219
33 6447 8299 3607 6592 5163 4563 8639 4956 8575 620 1531 7606 9531 1942
34 4474 1067 2333 928 9666 7479 415 6364
35 4137 8269 8824 5374 5398 9015 5303 984 7623
36 4846 9408 5589 278 9911 220 6741 1313 1666
37 3963 186 2268 6059 5841
38 7880 731 9083 840 8994
39 8608 8968 5114 724 4391 2878 5789 3919 4892
40 3219 1340 9516 2128 4335 6623 1415 2888 8948 6568
41 9997 5993 8033 3904 9947 382 1409 4108 9231
42 7453 28 3984 3463 8106 9178 8399 7658 9748 989 1138
43 1935 7749 8300 3986 6858 36 1479 4181 5111 6468 9613
44 2900 5450 120 7176 3674 3608 3605 6117 2563
45 6513 5496 3289 8953 7072
46 8993 8102 9217 9599 8920 3476 3129 5563 3810
47 6598 5796 9679 7466 8336 7028 9424 2414 4745 5328 6305
48 5486 7947 4281 9782 3903 3779 4035
49 2826 4819 3469
50 9705 6894 7332 4954 1271 9681 6061 642
51 901 6818 9900 157 745 2987 4397 4788 1063 4110 4032 4586
52 5317 8975 1575 6095 6922 9925 1777 812 110 6619
53 5268 9906 7252 3075 2995 7187 6095 8386 8490 9012
54 2720 987 6018 8912 9956 6357 5010 4166
55 231 9192 6613 862 2507 1966
56 1507 1384 6186 3263 5042 210 8851 7429 9914 4403
57 1577 6028 301 6396 3249 6596 1763 9262
58 8920 6782 2261 9151
59 5368 8070 4856 4399 7897 1645 1581 8239 3127 2694 9654
60 4761 331 3689 6752 6252 5061 3428
61 72 9731 7880 4071 6670 7283 3003 3409 6565 1320 6481 542
62 640 4272 4439 5093 6563 8042 8952 3375 9563 8221 4353
63 8716 8488 8024 7292 6281 7650 121 4810 7479 3674 3555
64 1953 3641 2703 1125 3552 5774 6579 4600 7570 6268 1492 9253
65 8696 6062 3784 1837 5715 5931 7716 193 5670 6639 1755
66 6915 2147 1477 2238 2807
67 9028 2457 9227 4497 2617 9606 9898 5027 1734 8674 330
68 2295 2079 9938 923 1026 3494 5884 5834 7492 9226 6608
69 4332 980 9284 8894 5914 4699 7675 8948 3844 4581
70 8974 8608 3619 6886 2064 8648 4769 4272 518
71 1148 4546 844 6193 4797 3363
72 7797 8720 8015 1895 4334 1749 7886 8783 8636 4069 4559
73 3797 1275 854 6059 4836 1210 2072 7981 98 2566 2679 5563
74 2010 356 448 8212 53 1351 1796
75 7925 4342 9296 2775 6728 9449 5277 5658
76 2693 4086 7359 390 5120 7712 3952 4462 6021 1241 3943 9722
77 802 3508 3038 5497 6587 3662 5434 4604 7767
78 2224 8671 278 1728 2470 4166 9669 9778 3784
79 2584 2140 4731 5747 965 5600 3698 697 1417 5344 3146
80 6144 1495 4766 2561 5107 978 5731 1664 4689 6035
81 1751 5603 8011 9204 8190 3415 963 4539 1305
82 1650 624 883 4009 7835 2620 3454 9938 6281 5831 7349
83 1697 1352 5659 8116 8729 5093 3083 1410
84 4407 6956 6104 2701 7314 6566 9628 187 9340
85 2571 888 7796 9794 8064 914 9294 2568 8316 7208 9976
86 2534 2327 925 3584 506 7503 6636 4334 92 4243
87 6869 7921 1262 6914 2597 3199 6688 4246 7099 1496 7627 2985 5992
88 139 8440 7666 8055 5203 4609 1150 6523 1118 6370 6457 6325 8512 1705 7213
89 2733 8835 253 3505 1445 335 17 6081
90 23 4386 5687 7598 5304 8580 4130 196
91 7405 3080 5805 5000 4782 6561 9615 4293
92 6937 5398 8984 3438 9185 542 8647 5278 6326 1486
93 8806 4256 5091 6003 5676 3256 1009 2683 5463 5447
94 8654 6933 6794
95 6464 2574 1533 1775 6174 6237 6503 5375 9741 50
96 3662 2111 3870 933 4334 431 3876
97 5450 3183 7906 7497 5201 9752
98 376 696 1818 1975 5155 2283 9440 5794
99 9013 3508 4621 178 3176 5355 452 3083 8578 6384
100 4969 3419 7620 9954 2954 7932 1751 4218 9301 6890 1319
101 9206 2479 4166 3398 4974 4312 7261 2339 5146 7837
102 8724 4700 7807 9323 9108 9692 9824 7294 7547 6722 7393
103 3374 6357 6476 5949 8408 8127 8837
104 3337 3973 8210 9932 4571 3523 9954 4138 4699 8839
105 5896 7691 7924 40 7875 4762 1496 3582 4100 4040 2090 3541
106 5949 6721 5931 5533 7046 8147 5729 9073 774 5078
107 343 1317 81 3954 9164 4979
108 9857 3330 8287 2608 4624 8068 8403 3545 242 9816 6523 1454 6391
109 5705 23 2800 525 7492 1139 4599 704 99
110 4820 6553 9715 1725 4590 6304 9474 8151
111 1662 8609 6886 3087 9717 8279 3006 5486 4349 5984 1820 8687
112 5402 4131 3458 4752 6438 1046 7839
113 4031 7914 9753 5974 7154 7857 8461 6576 3663 2853 7055 1129
114 7799 7651 4867 9123 2675 2525 591
115 4769 6198 7588 251 9619 9123 6854 9768 9877
116 3174 1558 5664 7849 4741 8453 4101 3924 6563 8991
117 6164 2322 5477 2414 8919 353 7441 7427 4759 4009 2009
118 7833 4786 9637 2958 337 4411 1086
119 1643 2165 3666 1297 3393 9826 6614 4648 4957 2770 8636 4882 5080
120 977 300 7569 3360 1115 8938 1497 7676 2426 2225 2616 3944 290 1074
121 910 4486 1567 7866 7418 4274 9284 3028 2501 5184 4903 5418 4801 8396
122 5967 326 4826 6408 4400 7428 4553 8161 6819
123 9463 6217 4296 8403 4942
124 7382 225 4804 5802 4863 5755 3730 7386 366 4158 6094
125 1203 216 2314 8328 8810 2333 313 3346
126 7798 6561 5425 6550 7265 8137 3898 9490 449
127 5407 6595 7408 7526 4619 4946 3603 3293 6792 1726 605 1350
128 4610 8443 6335 4935 7862 3065 9998 1211 4646
129 8295 6622 3226 1427 5395 7178 7831 8459 7064 9387 5706
130 7032 511 3548 9368 2284 2020 1153 3075 7249
131 5001 4732 5871 2176 1756 8228 7803 1892
132 3177 9526 9557 5124 5692 5654 9007 196 7472
133 3205 5671 4619 6234 5560 1187 3864 1053 4378 3458 7868 5771 118
134 322 6138 4629 2594 7012 702 282 6095 2138 3511 3980
135 4300 7069 1639 9196 6267 3387 2190
136 5747 1806 6852 9034 5382 8199 2235 2832 44
137 3929 4791 7332 9947 8192 5903 541 2645 530 7045 5818
138 6184 2126 8610 7700 7579 2694 7144
139 6931 2654 372 6267 9747 8555 2115 4656 8376 7630 1917 4993
140 9552 6085 9742 5364 5856 7938 249 5222 4373
141 9672 1832 5279 9649 9139 6696 7931 9915
142 2069 2939 4317 449 3616 1635
143 273 2607 3146 4354 5062 5492 7327 8242 4274 1846 8296 1175 9384
144 6649 131 1642 6816 8020 4010 4072 7029
145 170 2139 6461 8873 5366 1390 100 318 6803 1004 6333
146 297 2209 7339 8754 2935 4292 9220 6413 4647 4824
147 8992 1521 5122 2271 1056 6493 537 8515 3462 5312
148 138 2951 4031 9236 7096 1233 2065 3617 3971 8590 2191
149 9710 7169 6446 3999 8836 9526 9286
150 191 1719 8695 6916 9041 9373 7941 2155 4854
151 8972 4271 6036 4473 2699 6274 2511 3956 3037 92
152 4175 3711 4124 1346 4321 1745 5203 5187 1896
153 7977 2288 7057 5499 3060 3888 9207 8429 1281 7947
154 1712 3822 8145 3083 4263 2926 7159 3934 6753
155 7090 4435 1482 5025 905 4997 4305 689 8747
156 246 7416 5399 3431 8699 6340 325
157 8837 8153 5462 9411 6048 3812 6729 4391 6190 3417 4873 597
158 3853 2708 8760 8046 8089 2668 1404 5545
159 1250 856 2457 8842 6582 3869 3744
160 5727 6203 6701 2532 8057 7895 6116 572 4329 3330
161 8908 3604 1217 4114 745 6506 9251 9942
162 7719 4946 2078 5942 2238 8768 5874 1183 530 7283
163 815 9487 7677 8548 6683 8513
164 7190 6309 9986 6681 9783 7039 3297 7602 4183 4991 1044 6192
165 9106 2367 7667 3184 8221 6990 7757 8303 1407 4817
166 3689 8587 2486 6925 2233 5939 468 2781 3094 9404 4600 3246
167 8592 8648 4868 8651 1762 7784 8973 5530 3491 8192 2716
168 8703 3544 4467 1654 3203 5417
169 2002 5000 8182 1895 5554 7254 54 3202 9291 6194
170 940 6303 8434 2456 3271 7618 540 5605 7552 2348 3425 8698
171 9991 4515 8869 7865 6867 7653 1393 5736 5938 271 3607
172 5446 9883 1461 3843 9761 2159 6507
173 7774 9987 4935 8610 149 2377 1132 5260 3946 6724
174 4390 6308 5922 4261 5329 5930 8225 6693 4277 5112 9205 4704
175 7886 4362 7083 7051 4185 9604 9885 5677 2172 6498 8130 9471
176 4613 6419 7055 3518 9256 8004 6666 4585 3578 13 7634
177 5649 1232 5571 3611 2351 2386 5181 2877
178 2326 8782 9715 8808 5967 2524 2410 4214 1841 1266
179 5143 7758 7895 7282 9719 3596
180 7383 1529 1512 9693 4203 1537 6336 9374 6158 1891
181 9500 9521 9327 7065 8003 6613 5921 2611 6886
182 6792 1201 5867 809 2497
183 4695 8430 6451 7802 1828 422
184 8308 2897 8101 9670 9176 8390 5291 9380 6180
185 7876 8792 7551 3792 3539 8630 1005 191 5981 4177
186 1494 6682 441 6018 6767 4886
187 2844 669 1482 3728 7208
188 989 7752 2842 5192 7912 2109 1726 4483 1512 557 9185 1409 924 1541 8756 7143
189 2334 3314 9951 5131 7437 1636 1625 4348 8530 2305 8380 9920
190 7792 2326 6804 6922 8101 4819 7521 3074
191 4382 4694 1435 9900 1521 9019 9215 5280
192 1527 8040 4259 2954 5081 3659 6225 7387 584 9431 809
193 2811 9077 3323 7782 8453 3259 5623 5254
194 6140 8487 8440 5981 3662 1185 7569 3845 8904 2163 7697 8262 3480
195 2421 637 4244 2453 2087 3595 9380 1283 7826
196 949 6671 8471 520 4807 6084 6259 2210
197 4486 8415 5751 1860 5139 6932 746 2257 7563 6632
198 8014 5213 825 3109 4382 2573 6428 770 6707
199 9632 5129 9265 9933 453 4683 5092 7494 9787 1858 3054 5940 4372
200 8682 2360 9122 2384 6388 9666
201 8084 3137 6214 2751 644 9390 7741 1603 202
202 7641 9235 7788 2023 9087 4493 6840
203 5096 4529 3090 2451 1137 4551 1739
204 42 6067 2069 6799 5448 3 4921
205 5105 296 6588 2955 1881 3593 9784 6544 2975
206 2935 5172 6865 1057 935 4027 81 7615 6920 874
207 5489 918 4153 3609 8924 9082 1219
208 4378 1739 7174 6351 8854 5306 1777 608 2191 7219 6498 9131
209 5257 7791 4821 4661 0 8474 8118 2686 953 4852 4098 2074
210 873 6313 457 6100 3885 5696 5517 49 5564 3584 1641 6978 7661 6701 789 1425 1503
211 3363 4887 9108 1777 9857 3879 6740 5994
212 1588 9660 4376 1315 4654 5881 6520 6035 1695 8856 2711
213 6325 2626 3363 5653 4896 9964 4007
214 8112 1185 5221 6241 2543 7512 6759
215 3293 2190 8265 7850 9447 1041
216 3434 1720 6060
217 8798 6590 7526 6274 3520 5795 1900 9344 8474 17
218 3087 9456 963 2857 4717 7174 2662 4380 6325
219 7916 5894 781 3555 2450 6702 2288 1459 2559
220 3211 446 4762 8756 7009 2258 5451 5799 1482 7817
221 1275 5692 3783 7252 2309 9267 4617 1592
222 928 7743 8635 9551 5220 5122
223 3068 8520 8197 3910 5821 8714 2986 8075
224 1924 4454 2974 613 2937 131 3547 3066 7136 728
225 5275 6616 2674 804 2916 1095 4802 8435 6870 4191
226 788 9637 7529 8905 6239 1286 8433 3890 1440 4722
227 3414 3524 1412 3531 9250 3951 5053 7416 910 112 4886
228 8696 8777 1146 3014 2196 1451 3532
229 1312 352 2656 4900 3070 8185 5773 321 9763 3025
230 1312 4007 3945 9414 9443 191 9083 3479 6088 4432 3452 1354
231 2594 9363 2313 5367 7587 8201 9853 9047 7141
232 6654 1475 3354 1459 4227 6961 4215
233 4185 2831 8847 2387 5717 3183 3464
234 780 2380 7546 4281 1601 7817 5705 5981
235 2771 124 4927 2675 8501 9746 1843 4620 4043 8687
236 6338 7588 1780 9113 6984 3251 5349 4768 5139 2538 499 3596 7552
237 9398 8177 8778 1374 7521 4909 9811 55 1092 6318 2742 3506
238 682 5320 2214 9731 8625 3638 6107 371 5526
239 8210 5960 6257 7894 2811 7570 8295 3684 6417 9838 2347
240 9703 3333 3258 4133 6331 7474 4404 3882 1110 5206 3490 9017
241 6514 6388 2256 2881 6746 3713 6872 8343
242 9967 9375 4185 1451 4818 7428 3621 2559 8220
243 1662 2212 2079 3806 4907 3753 9278 2972 2230 4470 6470 9599 3302 4923
244 6401 1980 892 8957 8244 382 8447 7424 8130 9980 8844 8116
245 2848 7459 5674 9112 9372 3146 3857 6867 5391 714 4892 4815 6542
246 1796 6891 3928 8750 1946 2204 7691 1014 398 9644
247 9102 9103 3069 8813 6424 7262 8026 2615 9340 9104 8968
248 7093 2712 2518 4704 8462 9552
249 4180 4953 5867 7060 8108 1677
250 1798 2119 1705 2022 2970 8478 846 738 7598 1218 3265
251 1662 6983 8801 7456 526 1494 9875 6110 1273
252 9935 1311 2060 7203 7724 4999 1722 165 8001 9284
253 2475 5792 9173 7889 5848 2682 2791
254 8887 9596 201 1619 8210 8760 988
255 94 1727 9490 2198 4262 1985 7101 8755 8491 5474 1892 7991
256 5394 1032 6055 6734 3484 5859 736 9651 3601 2760
257 7542 3322 1102 7444 7412 4909 9058 5202 2027 1093 738
258 2930 5941 6510 2199 4810
259 6822 5673 3246 5114 9655 6091 4375 1929 6900
260 8051 9819 5433 6089 9670 7017 5535 9890
261 6748 5115 6132 4895 1815 4281 6834
262 2143 8350 20 8812 5235
263 3100 4949 5089 5912 7691 515 640 2577 3424 9937
264 2659 1644 8233 7992 247 336
265 2811 4571 1299 1656 8842
266 7452 2277 4213 2558 5353 7471 124 4608 2564 7080 3089
267 8282 4039 8337 7881 1354 3963 5251 2018 5173 5160 5818
268 1323 7213 6110 7858 3334 4652 6624 3297 119 238 1332 6552 7212
269 9777 744 2648 8253 6494 9109 6781
270 1229 4225 7442 8158 3729 280 4534 1560 7430 4276
271 4572 8918 9839 8458 4414 7303 9986 4417 4694 5044 4967
272 8579 4747 9466 767 3853
273 2624 4814 2583 982 5629 8936 7634 9616 8755 1224 7698 7250
274 3558 4904 7971 3381 1268 4062 8642 8731
275 7032 1438 5104 1417 8330 4001 9136 7764 8797
276 210 8969 4695 6607 2168 2271 2215 4486 4244 755 222 9389
277 6783 3043 4910 6472 2754 2541 6908 8979 8487 5630 8578
278 6951 4535 7832 5158 674 8371 3776 4872 8657
279 5844 9502 3584 7770 6564 5973 4686 183 673 3545 3290 1306 4105 817 6116
280 6033 9421 7357 8711 8136 8397 4795 2895
281 7963 2038 3856 1170 1642 5297
282 5250 7189 5981 1148 6476 4399 7810 7852 222 4978 3657 7303
283 6004 7170 6488 2830 4113 8904 449 2488 2429
284 3790 7429 8731 923 3221 975 3910 472
285 4266 1574 7392 9484 4487
286 2846 3922 1289 9997 9934 7259 2564 3006 6132 6484 7992 1064 7314
287 2229 4035 8853 4815 5023 8579 1162 1178 3442
288 2874 8353 8307 6915 6750 6467 5439 305 3278 7324 574
289 975 4882 2186 1294 2324 270 9656
290 149 3244 6494 768 2959 8764 9346 6170
291 2026 2852 1023 7174 6647 8012 6376 1599 3289
292 9311 3856 4373 5604 1755 6121 349 9298 663 648
293 7157 7847 7845 916 6879 4703
294 9840 3061 9786 9780 1037 6404 8181 2327 2090
295 7884 8236 2772 639 7156 6505 83 3301 1398 8713
296 1951 331 2763 1648 2074 3539 5867
297 4090 2528 1231 1855 3047 7155 3243 6185
298 8129 7532 2578 5344 2046 9644 5649 9491
299 6307 8303 8392 4387 8169 4832 9087 3141 8882 8057 1506 2563 5504
300 99 9951 6743 2662 6713 2598 7100 2896 5536 8004 7428
301 4870 9615 6453 142 5368 7817 6625 4056 5668 9525 3375 5613 6885 238
302 4431 5552 8209 7512 5323 8688 3635 4546 655 5316
303 1603 3513 2236 1890 5764 4448 5355 7016 1194
304 4786 893 6765 2592 5918 149 768 5567 6401 8963 4281 9248 9580
305 2444 4754 910 8995 9931 5960 5913 580 2105 4969 5297 4135
306 8534 6214 3449 2205 6512 1358 9888 3319 2907 7288 311 4376 2492
307 5840 3767 7630 3586 7913 8378 7547 1423 6506
308 6899 1494 41 7625 8643 6782 2600 7942 2836 1241
309 6780 320 57 3174 9267 6443 9665 4192 6337
310 5945 3992 4215 8470 177 4125 8547
311 1515 507 8016 6682 5153 8077 7560 6579 618
312 1505 9691 6121 5501 5130 5530 37 9032
313 6161 1423 107 3976 5473 3896 6543 5522 5336 8044 7526 8092
314 4944 2090 5271 1613 2150 6673
315 9282 4458 9485 2084 7216 9102 7515 1149 669 7303 2794 8503 4580
316 4303 379 9864 3592
317 6438 6250 2806 4319 4334 547 4194 4891
318 602 5468 5339 6082 8743 6614 4060 9908 4564 6825 8507 6438 1676 3781 8818
319 9141 1908 6736 8541 9690 1360 6043 2805 5614 6231
320 3789 7885 3985 1700 8270 8440 6582 785 4075 5557
321 3517 709 7037 9367 4815
322 5382 7359 4791 9119 5845 8489 5553 7480 653
323 1376 3643 2172 6381 9621 1656 2593 9738 7497
324 9414 8345 1321 1133 7882 6239 5799 1666
325 6055 9521 5560 8327 7506 8399 8866 2827 954 8345 3285 2685
326 8196 3088 8117 9087 4242
327 1316 4601 2207 1439 9160 9840 366 3161 5529
328 5250 3121 3999 5676 1892 7242 2574 8247 574 603 341
329 8249 5307 3674 6120 4498 5480
330 6559 7303 7673 726 8400 6767 1383 6177 1149 4925 699 691 6969 7006 6646 876
331 8732 9687 4649 3688 48 7934 9091 796
332 7800 2749 4175 7464 7757 7458 1654 4660 3727 2206 8267 713
333 2828 7473 5970 5502 4660 5931 7481 9664 7899 6899 3808 5713
334 3594 2878 3096 8824
335 6861 8193 8890 9807 6453 3488 6978 7401 8593 925 1074
336 8876 6796 9672 9705 712 6010 4100 9268 585 3434 7387
337 9796 7010 1495 3112 3569 7769 7979 1037
338 652 6221 4628 6255 9588 4459 5172 9427 1753 9720 3643 6924
339 6762 8154 7126 2602 8761 8893 1653
340 9763 7441 2615 8827 5905 8017 4643 4281 9107
341 5317 7997 3217 1392 6689 2876 3965 3087
342 7131 9777 5429 2054 9941 3565 6434 6590 9534 3016 1642 3493
343 6813 8805 5704 5840 7797 2972 2750 181 3152 9584 5689 8448
344 6187 6613 5000 3681 8380 6094 8394
345 7610 4417 1110 1224 2007 1926
346 3950 5838 7760 9820 907 8583
347 9583 9166 744 1068 8210 1177 5841 5402 6870
348 967 7993 2455 7950 8585 2964 6073 8207 949 7502
349 5459 7736 1765 1399 5754 6259 9351 234 2905 3931
350 205 4644 543 5581 4254 3196 1236 9045 8296 317 1668
351 1154 9924 6787 299 2453 2314 2589
352 5342 9418 9011 272 1317 745 7531 4120 782
353 8342 1307 9427 8217 8854 2498 6317 7036 183 7656 4829
354 8708 1845 8794 3576 2414 7519 8724 8387 3217 7571 9600 4128 1836
355 1628 3977 2393 7335 9109 2692 4194 7340 8938 4975 4895 9946 979
356 5732 4484 9100 8700 2531 6218 8747 5973 8215 1569 7991 1216 9396
357 3186 8853 6085 4387 9721 3583 4341 9415 2508 9472 1580
358 4624 2746 657 5160 9088 8126 5216 9253 8913
359 8809 1865 2469 1455 8757 1213 5290 6630 7862 8518 9716 4216
360 644 7945 2981 5385 4929 1385 5492 877 133 3412 6261 8567
361 9989 9064 5798 7448 4010 8026 8442 5001 5094 9993 1168 8819 94
362 8722 5323 5747 5590 4272 9821 2507
363 6627 3025 6506 8661 678 1721 2882 4931 6117 743
364 9138 263 4122 5371 5171 529 5806 5583 843 7982 9580
365 1635 2550 9233 6004
366 9348 6023 1115 4754 3092 3974 5639 5668 4829 3242 4526
367 60 8410 1669 3035 6558 4590 1062 4286 9352
368 2346 8504 8430 5507
369 5406 244 5045 4151 3838 374 8573 2513 3630 6384
370 3817 7303 8210 7241 687 4085 5168
371 7785 2695 9173 5644 4564 6152 8441 8907 1513 295
372 1874 4537 6914 8974 5957 7725 5550 1660 3851
373 5727 8132 6352 3773 6565 8698 9459 8847 5159 3883
374 6362 9633 4050 4502 4507 1809 384 563 1159
375 6708 6987 5834 5812 7507 5216 8235 338 3225
376 7425 2034 6468 2462 4439 1091 30
377 8458 3983 3223 1556 9411 794 3297 5606 5706 5442
378 1509 8065 2991 3089 5053 2759 2721 9222 8225 3879
379 9041 9936 8391 509 287 7909 7022 4146 757 5069 5063 7029
380 9088 293 146 723 4737 9509 6693 604
381 6711 3118 8461 4381 1136 2320
382 8514 3434 1715 552 9587 2747 106
383 6648 9572 6289 6415 5059 9562 4680 9302 8636 9345
384 7944 9347 4695 5868 2644 552
385 9115 1467 4721 7712 4795 3568 2793 1366 5812 1680
386 8203 8693 4867 9667 6417 7571 7215 700
387 4629 3614 5451 3900 9688 7494 9067 1634 7990 303
388 7904 4446 564 6054 5667 1264 1242 6374 5212 3935 7653 3667 3407
389 5447 8356 8125 4662 7803 2059 991 2852 185 9872 9646 3043 676
390 167 9788 6704 5543 6585 1531 8481 5774 3977 9480 3626
391 6592 6267 1592 723 7385 2672 8418 9954 5269 1233 3638
392 2037 325 3997 2403 9638 1591 1277 6717 5335
393 105 2213 7737 2588 8694 7408 8872 9624
394 7894 8851 8128 1795 3816 5746 123 6808
395 4773 7035 3190 6653 3275 6928 5382 7046 6679 992
396 6456 6110 2248 4356 6339 7381 3173 1001 9384
397 6388 8913 7040 8680 2849 7607 6161 5762 7022 4649 9476
398 1555 366 497 5082 732 1740 8327 3772 6379 3866 178 7713 644 8596
399 9969 3584 2046 7568 1739 4922 214 5450 4229 6443 7050
400 4369 8733 891 2718 2062 4395 1852 1495 4430 1 3911 5136
401 8683 7484 1340 2327 1278 8074 4953 8006 5428 4294 4354
402 7111 5077 9365 7209 6450 2080 2991
403 8927 6918 5958 8220 3415 1261 7156 9905 4246 4120 9608 4879 4214
404 1687 1023 3664 4789 4147 7097
405 8277 9476 3407 1606 5692 6557 1130
406 7562 6308 9892 683 2278 2966 6684 5063 1896 2122
407 3284 6418 7472 2167 6837 8824 7475 1419 3527 2168
408 4802 7851 4192 6250 2414 3397 7817 7986 7783 5706 7240 4131
409 82 2226 6249 7896 2842 1483 7438 7547 6659 3509 7692 3631 4660 6680
410 8831 8381 6623
411 949 4349 3714 6052 4062 9599 7467 4423 4017 2604 6947 8541
412 9111 3707 2570 3025 1305 5739 1889 3792 5674 9151 2149 6534 632 5601 5694
413 8715 8296 1080 5066 6101 4840 7976 1882 2791
414 9872 2472 9146 6398 7633 697 6640 9535
415 8966 386 3146 1045 897 2543 7796 107 6903 8748 4707 2344
416 754 3531 8323 4216 9708 3960 3187 1086 8284 3058
417 457 6785 7315 8854 1489 3505 4041 8203 3607 8639 4873 5191 3125
418 5575 8798 164 2739 4956 3569 986 3200 3318 3242
419 4203 9546 6989
420 5293 1067 9380 4684 6954 8142 8822 8437 9345 5410 144
421 2093 438 3825 4173 8701 4116 6181 6285 6239 4971 1563
422 6663 5558 3623 3722 3544 3432 8466 5634 8325 8973 4854 776 8013
423 4177 1262 3951 1375 2629 4141 8870 3929
424 2162 6465 1735 4619 3383 3743 3674 3097 7650 6692 3566
425 4333 6873 4906 4861 4575 829
426 6776 390 1566 2432 3491 2979 9494 67 892 1397 4801
427 1706 2667 8895 8729 7305 9308
428 4512 1783 7317 3548 8355 3107 6257 977 4763 6018 8978
429 684 1777 4556 4829 3959 4854 8084 8426 6303 5553
430 9360 1834 9818 1463 1853 3115 3573 1889
431 507 1632 5589 4747 687 6624 2318 258 1812 383
432 3867 7338 1360 3764 6177 7969 5308 587 7007 9464
433 7187 6614 1061 5774 8879 8309 4468 7373 5850 7768 8421
434 1418 438 4392 1023 9324 7199 8168 8924 7131 8452 4189 5986 7260
435 3454 2290 398 8814 6525 7848 3728 3006 7359
436 4801 8447 8658 7438 1198 3878 6279 8038 3985 9686 3801
437 5604 4504 6073 9204 5170 3986 4547 6948 8227 4048 4756 4787 3113
438 1021 1451 9827 2988 7595 4811 1514 125 3047 4715
439 9898 8932 2657 2645 834
440 9318 9629 3090 1269 6472
441 1053 6996 664 1851 5865 6754 4265 6788 8343 4692 6082
442 7302 2821 7638 3354 4842 5107 9201 7558 1050 4690 2349
443 4513 9395 6221 9092 8900 7947 3391 251 8327
444 8059 4533 5054 5795 768 9478 6938
445 764 7802 5425 4694 3164 1165 3964 9673 1468
446 2293 8357 5538 6460 7726 633 713 464 4814 5342 4729 7902
447 10 8469 4410 8173 2596 1275 1086 3647 7559
448 8990 9987 4706 2783 3548 1097 490 3741 450 9017 2731
449 5185 3329 1732 6130 654 4785 9673 2969 9132 4132 7493
450 9213 8135 9773 4515 5138 2581 9380
451 8549 9695 3035 7646 4062 6355 8412 2925 110 4628 5005
452 3892 8595 8512 5203 1101 2015 6476 9578 9117 558 4870
453 5461 7144 1807 8565
454 6691 1282 223 976 7045 8792 544 1952
455 661 8620 3974 3231 4975 7399 2725 2951 7604
456 8050 135 3160 9950 7559
457 7875 6135 3546 131 7753 5663 5960 7413 1626 8175
458 940 197 6417 2181 3354 3888 9971 6097 6549 9436 1738
459 9568 2042 8440 5609 6201 8044 9014 5371 6153 9445 3117 5319
460 6680 3590 4393 4411 1810 6392 3839 9330 1465 7940 7654 5964
461 185 6492 5388 3575 9822 1464 7566
462 9803 1466 6227 8634 3983 3675 4823 8930
463 4519 2258 9540 2816 5085 9766 9159 9069 8021 9007 3451
464 9608 4846 5302 4853 5330 1024 3514 6112 1191 3659
465 9503 4251 2380 1694 7233 965 9114 8100 5838 2535 8170 6082 4302
466 3100 2960 9736 1572 2422 954 7985 9124 962 2835 365 818
467 4448 3773 6971 4631 565 1398 9451 3534 8887
468 976 997 5492 279 5148 6315 624 8194
469 5864 9747 408 6289 9844 4627 7109
470 8959 886 9616 7153 2399 5974 3256 2513 8710 78
471 3926 4763 8552 2327 5520 9874 943 4101 9622 467 9414 624
472 8389 4866 8146 2762 8217 5364 2149 4837 9126 3975 9060 7349 6336
473 2575 3560 7690 6678 8192 9194 17
474 8493 7144 4769 7772 6854
475 8782 3866 9293 2742 129 8692 2906 694 7104 2677 6686
476 5962 8263 8473 3586 5848 8417 1971 7575
477 763 7108 8614 9896 3482 760 2914 6158 4294 3905 8996
478 2958 7684 6236 9744 642 4479
479 1399 3959 4914 1336 4961 4570 8921 9999 9065
480 5024 6733 8377 8238 2038 3397 3430 3438 9191 3926 2087
481 4323 5887 6121 8996 5696 5473 4813 2220 4875
482 4428 5085 815 1230 9678 6165 7178 6471 9605 4458 2087 5247
483 3277 1115 9208 27 7641 124 9860 7427
484 7223 229 8954 994 8006 3612 3300 282 3427 3562
485 1735 5473 8105 9243 9212 7448 9619 1034 2451 8109
486 3429 6698 9225 3371 8603 2873 8399 5551 2478 8240
487 8612 662 4027 7364 8142 1790 6566 8451
488 42 3282 8213 9465 1431 8324 8459 3398 7042 8168
489 8476 7947 6292 4615 2378 9108 9893
490 3656 725 4352 106 5297 7982 9509 6399 6679 9264
491 7797 7297 2909 3865 5393 9526 7578 6830 8594 2696 3961 4249 4230
492 1290 8363 3831 9568 6372 1324 9250 394 2200
493 7476 6262 3152 594 3210 5851 821 4121 9373 5028 5014 3882
494 9885 748 3338 3621 6527
495 2564 1830 4667 7763 3891 8809 4874
496 9423 4644 896 6165 9884 6872 5521 1336 9193 9282
497 8976 1292 7289 6337 578 5470 8316 7979 7092
498 2201 3722 2857 4750 4573 3265 5697 7374 3352 4636
499 4579 1802 1950 743 652 4624 5369 2795 2308 2672
