100
0 0 1 2 3 4 5 7 6 8 10 9 17 19 11 12 15 14 16 20 18 38 13 25 21 22 30 24 27 32 34 26 23 281 35 36 709 155 138
1 0 1 2 3 4 6 5 8 10 7 9 11 12 15 13 17 25 26 14 22 18 16 21 34 20 24 46 19 41 38 23 36 110 28 74 61 62 65 138 709 1384
2 0 1 2 3 4 5 8 6 7 9 10 12 11 14 16 17 13 15 23 19 27 21 18 22 20 33 32 40 28 31 24 36 34 42 102 37 2848 1737 3975
3 0 1 2 3 4 6 5 7 9 14 12 8 16 17 21 13 11 15 20 24 10 19 25 18 29 22 27 59 32 26 41 31 46 28 155 554 1671 138 3097
4 0 1 2 3 5 4 6 7 10 9 13 8 12 29 17 14 15 38 26 21 19 23 24 30 25 16 11 31 20 18 27 50 39 36 120 126 2818
5 0 1 2 3 4 5 6 8 7 9 12 10 16 15 11 18 14 17 24 23 31 13 26 34 20 28 25 22 37 36 29 19 30 21 42 27 708
6 0 1 2 3 4 5 7 6 8 9 13 10 16 17 14 12 11 19 18 20 15 33 35 22 25 29 27 24 23 38 30 26 32 21 31 120 6656 3756 3097 7055
7 0 1 2 3 4 5 7 6 12 9 8 11 15 21 10 14 17 13 19 16 24 23 25 28 20 32 35 18 31 22 55 27 49 46 47 1384 1310 7624
8 0 1 2 3 4 6 5 9 8 10 7 11 16 24 17 36 40 12 29 13 19 23 14 15 18 21 37 22 34 71 41 26 28 27 63 42 65 72 1495
9 0 1 2 3 5 4 6 9 7 8 10 11 15 20 12 14 13 16 19 24 32 23 18 17 25 45 22 53 31 21 26 28 38 60 27 35 37 62 468 6729
10 0 1 2 3 4 5 6 7 8 11 13 17 10 14 12 15 9 18 16 20 23 32 22 28 27 19 38 43 24 26 37 29 131 25 42 30 65 72 62 138 3244 5926 2848 1737
11 0 1 2 4 3 5 6 8 7 11 10 13 9 12 15 18 16 17 19 34 22 39 55 20 23 28 14 37 26 21 27 75 24 54 32 41 138 155 3975 1671
12 0 1 2 3 4 5 6 7 9 14 10 8 13 16 19 12 11 23 26 40 18 21 20 15 35 29 17 22 34 24 32 38 25 62 88 554 3756
13 0 1 2 3 5 4 6 7 8 12 10 9 15 20 11 17 18 19 14 21 13 44 37 82 23 33 32 35 16 49 46 54 83 50 24 27 7242 138
14 0 1 2 3 4 5 6 7 8 10 17 9 11 12 25 19 34 35 15 14 21 38 46 20 32 24 13 18 30 22 101 39 45 120 138 2153
15 0 1 2 3 4 5 6 8 7 9 12 11 10 15 13 21 16 19 20 22 18 14 26 24 17 27 23 29 25 32 41 36 45 28 53 37 63 84 69 138 1310
16 0 1 2 3 4 6 5 7 12 10 14 9 15 8 11 21 13 19 17 51 24 20 16 40 170 36 31 35 25 63 76 29 27 44 22 199 621 1315 4371
17 0 1 2 3 4 6 5 7 9 11 8 10 13 12 17 16 15 24 22 14 23 20 33 21 19 18 28 32 62 30 25 36 27 85 38 46 69 176 2955 138
18 0 1 2 3 5 4 7 6 9 8 10 14 26 13 16 19 11 18 12 17 25 33 23 31 22 35 29 42 15 21 20 48 40 120 138
19 0 1 2 3 4 5 7 6 10 8 14 11 9 17 12 13 15 32 22 23 47 18 16 21 20 27 19 37 49 34 39 31 38 30 35 69 2264 1737 5926
20 0 1 2 3 4 5 6 7 11 8 14 9 12 10 15 26 17 23 16 19 20 21 35 33 24 13 27 31 37 22 49 36 28 30 42 44 147 57 138
21 0 1 2 3 4 5 6 7 8 12 9 11 15 10 17 19 13 14 23 18 21 16 20 47 39 30 22 25 28 24 32 27 55 33 35 74 199 2264 2848
22 0 1 2 3 4 5 6 7 8 9 12 10 11 14 16 17 15 18 13 20 28 27 26 23 21 25 33 24 19 22 30 37 44 47 31 35 74 62 69 176 583 2848 3244 5926 1310
23 0 1 2 3 4 5 6 7 11 8 10 9 17 12 19 15 14 23 16 13 18 25 20 35 21 24 55 34 26 57 37 42 56 52 67 107 28 138 69
24 0 1 2 3 4 5 7 6 9 8 12 10 15 11 13 16 14 19 31 28 20 17 18 22 23 27 21 32 25 35 37 36 45 44 46 39 57 69 8402 2264 3756 1671
25 0 1 2 3 4 5 6 8 7 9 10 12 20 11 16 17 22 14 19 15 21 23 13 18 31 48 35 40 24 32 33 50 140 82 37 27 138 69 1495
26 0 1 2 3 5 4 6 7 8 12 9 11 15 10 17 25 13 16 26 23 18 19 14 24 20 22 21 33 39 46 54 30 38 28 37 27 138 554 3110
27 0 1 2 3 4 5 6 8 10 9 7 11 15 17 16 24 12 34 14 18 19 13 23 21 29 37 28 22 27 25 20 40 47 43 35 69 155 2848
28 0 1 2 3 4 5 6 7 19 8 14 10 9 12 15 20 17 16 11 13 22 23 30 29 24 51 27 35 44 31 38 67 18 45 21 60 63 37 28 120 138
29 0 1 2 3 5 6 4 7 8 9 10 17 11 12 15 19 16 20 18 14 13 24 21 26 22 30 42 45 41 51 23 35 56 36 53 38 28 27 252 176 1315
30 0 1 2 3 4 5 9 6 10 8 7 13 12 14 19 15 16 20 17 11 24 31 22 26 23 21 27 18 29 30 28 56 36 25 76 44 72 69 2848
31 0 1 2 3 4 5 6 7 8 10 9 14 15 12 13 11 16 20 17 21 18 19 23 22 26 31 24 27 28 29 34 33 25 37 58 30 121 554 7624
32 0 1 2 3 4 5 7 6 9 10 11 8 14 15 13 18 12 20 17 16 34 23 21 19 24 25 28 31 22 33 26 44 43 37 121 138 5921
33 0 1 3 2 4 5 7 6 8 14 9 10 13 12 11 15 20 18 34 16 17 28 19 29 46 24 21 73 23 32 41 47 22 25 6656 708
34 0 1 2 3 4 5 8 6 7 10 14 11 17 12 15 9 25 24 32 22 34 27 35 19 30 18 29 16 40 38 13 39 20 28 21 155 138 1290 1263 3097
35 0 1 2 3 4 5 6 7 8 12 11 17 14 28 9 10 23 13 16 19 20 97 29 25 52 27 55 15 22 37 49 137 24 39 81 44 138
36 0 1 2 3 4 7 5 6 9 8 12 11 16 13 15 14 25 21 49 24 20 26 23 10 27 17 35 36 39 30 22 46 18 37 19 69 5526 1290
37 0 1 2 4 3 6 5 9 7 8 10 15 14 11 16 12 17 24 30 13 25 19 26 18 21 20 41 22 36 42 23 31 48 60 28 27 121 155 69 138 120 2591
38 0 1 2 3 6 4 5 8 7 9 14 16 13 12 10 25 15 20 21 17 22 24 11 30 41 19 31 27 165 18 73 40 49 28 38 37 907 3097 1671
39 0 1 2 3 5 4 8 6 7 9 10 18 12 17 11 22 13 16 14 26 23 19 34 46 33 15 32 42 20 39 21 38 30 5381 1671 5921
40 0 1 2 3 4 6 5 9 7 10 8 14 13 11 12 22 20 15 17 23 18 27 19 21 28 38 25 29 16 51 43 26 34 24 57 37 120 859
41 0 1 2 3 4 6 5 7 9 10 11 8 13 16 14 15 12 28 17 19 23 18 37 27 26 20 22 50 21 29 77 52 31 33 35 44 69 121 3975 554 2848
42 0 1 2 3 4 5 6 8 7 10 9 19 11 14 12 18 15 17 20 13 21 27 26 29 30 23 32 39 33 35 34 44 25 41 176 138
43 0 1 2 3 4 5 6 8 10 9 11 12 7 17 15 13 16 23 19 18 14 28 24 22 37 20 55 26 38 25 30 27 21 46 32 111 54 65 138 2060
44 0 1 2 3 5 4 6 7 8 10 9 12 11 13 14 15 16 30 38 19 17 22 18 23 25 27 26 21 56 20 32 29 53 34 28 37 60 7624 1290
45 0 1 2 3 5 4 6 8 7 9 12 10 11 13 15 23 20 14 18 19 22 25 17 16 21 38 29 26 33 30 55 37 32 70 41 56 27 28 138 6729 1502
46 0 1 2 3 4 5 6 7 8 12 11 9 15 20 17 13 10 19 14 16 25 22 26 27 38 29 23 18 21 28 24 43 47 36 30 37 69 148 2848 1502 968 1671
47 0 1 2 3 5 4 7 6 9 10 8 12 11 14 15 13 17 22 18 16 37 23 20 26 48 28 21 19 36 27 57 38 39 33 31 32 139 138 1495
48 0 1 2 3 5 4 6 8 7 9 10 11 13 15 14 23 20 22 19 12 25 31 18 16 17 24 33 28 21 75 29 55 26 27 45 2060
49 0 1 2 3 6 5 4 7 8 9 12 11 13 16 17 28 14 29 10 15 25 19 20 32 22 63 40 49 24 27 26 59 42 18 1482 708 2591 1671
50 0 1 2 3 5 4 6 7 8 12 9 17 11 21 10 13 15 19 16 14 24 25 39 22 46 41 20 34 28 18 31 36 42 138 1495
51 0 1 2 3 4 5 6 11 7 10 8 45 12 21 9 18 14 13 17 35 116 20 24 33 16 22 26 64 28 15 117 30 41 55 27 19 58 121 197 3046 2818
52 0 1 2 3 4 5 6 10 7 9 13 8 12 29 15 14 17 18 20 23 21 25 30 27 38 28 34 67 16 11 47 64 51 37 19 120 2818
53 0 1 2 3 4 6 5 8 9 10 7 12 11 17 14 15 23 20 13 21 19 30 24 25 22 16 26 38 18 55 48 46 45 51 28 54 2060
54 0 1 2 3 5 4 7 10 9 6 8 19 12 11 20 15 14 16 13 17 18 36 22 21 23 32 26 28 35 37 27 40 39 62 53 30 44 38 268 69 138 2848
55 0 1 2 3 4 5 6 7 8 10 9 11 14 16 12 13 30 21 15 20 19 26 18 28 23 37 25 17 22 24 38 32 29 27 49 33 252 3244 1737 5921
56 0 1 2 3 4 7 5 6 8 9 10 11 12 13 14 17 16 19 18 21 15 30 22 24 44 23 38 25 32 20 46 27 35 40 33 57 69 120 155 126 3244 2264 3756
57 0 1 2 3 4 5 7 6 9 19 8 12 11 10 20 16 17 14 15 26 21 13 18 24 36 30 23 38 35 32 60 27 28 53 62 33 22 57 176 63 708 968 1263
58 0 1 2 3 4 5 6 7 8 10 9 11 12 17 13 18 16 20 15 32 14 38 22 33 24 30 19 39 21 35 60 25 27 23 42 138 120 859 1290
59 0 1 2 3 4 5 6 10 7 11 13 19 16 8 9 27 42 15 12 18 26 22 35 56 28 39 53 21 31 535 17 52 65 55 167 902 725 977 2060 554 621
60 0 1 2 3 4 5 6 7 8 9 10 11 15 14 13 17 12 23 19 16 18 34 20 28 25 27 21 29 32 30 22 37 40 38 35 39 65 355 6729 1954 2848
61 0 1 2 4 3 5 9 6 8 10 7 11 19 12 20 14 17 18 16 21 15 13 29 33 30 32 23 24 27 26 37 42 40 28 25 44 155 9517
62 0 1 2 3 4 5 6 7 8 9 12 14 11 17 16 10 15 13 31 19 26 24 21 27 69 22 23 45 25 28 75 41 36 38 20 35 56 58 155 57 1310
63 0 1 2 3 5 6 4 8 7 9 11 12 10 13 15 14 21 19 24 42 16 20 23 22 26 30 18 27 31 29 25 17 38 39 44 138 2291 155
64 0 1 2 4 3 6 5 8 7 12 9 11 15 10 13 17 14 25 16 24 46 27 22 33 30 23 18 32 26 43 60 20 37 19 120 126 1290 1671
65 0 1 2 3 4 5 6 7 10 12 11 8 15 17 9 21 20 16 14 19 32 23 27 39 34 47 25 24 33 18 13 22 37 102 28 69
66 0 1 2 3 6 5 4 7 9 8 13 14 12 10 11 18 16 15 22 21 24 20 29 19 40 23 17 31 25 59 58 32 65 63 36 138 1671 3097
67 0 1 2 3 4 5 6 7 10 9 8 13 11 12 15 16 14 18 17 22 19 21 26 27 31 23 33 71 20 25 37 29 35 24 38 69 155 404 1290
68 0 1 2 4 3 5 6 7 12 9 10 15 14 11 8 16 13 17 29 18 19 21 20 23 22 25 26 59 67 57 27 33 43 1888 126 69 7055 1310
69 0 1 2 3 4 6 7 5 8 9 12 16 13 11 14 18 28 25 24 26 20 19 69 38 10 15 68 32 17 43 30 47 34 63 27 708
70 0 1 2 3 6 4 5 7 8 11 9 14 12 10 20 19 17 13 23 42 25 15 21 52 55 26 28 41 18 43 31 56 39 35 57 138 3244 6729 2848
71 0 1 2 3 4 5 6 7 8 9 15 13 11 20 16 12 18 10 22 14 17 34 26 40 29 19 36 27 24 33 21 31 41 37 28 176
72 0 1 2 4 3 6 5 8 10 7 11 9 12 17 15 13 34 24 55 20 14 70 21 22 46 16 23 28 25 54 18 65 32 19 30 26 27 121
73 0 1 2 3 4 5 9 6 8 7 10 11 17 15 21 13 14 12 24 22 16 36 23 20 28 18 38 32 57 29 31 39 35 33 27 63 2700
74 0 1 2 3 4 5 6 9 8 12 10 11 13 7 15 14 16 24 18 29 28 21 19 22 20 23 17 51 31 77 27 54 45 39 41 57 63 2848
75 0 1 2 3 4 5 7 6 8 12 10 9 15 16 11 14 13 25 20 21 17 28 24 26 18 22 57 36 23 29 27 19 31 32 35 45 30 69 155 583
76 0 1 2 4 3 6 5 7 10 8 13 12 16 9 24 11 14 30 22 17 32 34 19 28 39 47 15 18 20 23 46 50 35 63 27 121 155
77 0 1 2 4 3 6 7 11 5 9 20 12 14 17 18 15 21 33 31 10 76 8 26 19 22 2942 16 13 68 28 447 60 37 144 1888 155 4347
78 0 1 2 3 4 5 6 7 10 11 12 8 13 17 9 23 14 16 21 29 18 15 25 19 20 26 34 24 38 32 67 45 37 58 102 27 63 69 138
79 0 1 2 3 4 6 5 7 8 13 11 12 15 14 9 10 20 16 25 28 18 23 35 19 34 26 17 27 24 68 21 51 32 81 72 679 138 1671
80 0 1 2 3 4 5 7 6 10 13 9 11 8 12 20 15 14 34 25 19 17 16 24 21 42 32 31 50 23 18 39 52 3244 1482 1572
81 0 1 2 4 3 6 8 5 7 9 10 13 11 12 15 16 32 19 14 17 21 22 25 29 28 23 20 26 18 33 27 31 34 65 35 37 355 554 155 900 1671 2848 5921
82 0 1 2 4 3 6 5 9 7 8 12 14 11 13 17 10 20 21 15 22 16 32 30 25 19 126 23 60 28 29 63 41 27 24 54 58 26 36 18 120 155 138 3244 1671 3097 1737
83 0 1 2 3 4 6 5 7 8 9 12 11 15 19 13 10 14 25 20 17 18 21 39 32 48 46 16 26 43 38 31 37 27 121 120 3244 138
84 0 1 2 3 4 5 6 7 8 9 13 15 12 10 16 11 14 19 18 22 21 24 26 20 25 34 28 32 17 33 54 29 27 86 65 69 63 155 3097 1737
85 0 1 2 3 4 5 6 9 8 7 13 10 14 19 17 18 15 31 26 25 33 28 20 12 11 16 42 24 23 29 27 35 21 56 22 123 69 2848 138
86 0 1 2 3 4 5 7 6 9 8 14 10 13 11 12 21 25 18 15 17 30 20 16 34 23 28 26 19 24 100 29 22 51 42 138 708 7055 1502
87 0 1 2 3 4 6 5 7 12 9 8 15 10 13 11 21 25 16 14 18 17 31 24 23 20 19 22 27 39 26 42 35 41 49 138 28 2848 554 709 3097
88 0 1 2 3 4 5 7 6 9 8 12 25 15 21 11 14 17 24 10 13 19 22 23 27 16 54 30 35 47 38 28 33 50 18 20 42 120 69 4171 138
89 0 1 2 3 4 5 7 8 6 11 10 9 23 13 12 15 17 16 22 18 21 48 14 35 27 24 19 34 39 38 28 36 51 83 41 65 72 69 268 138
90 0 1 2 3 5 4 6 7 8 12 14 9 11 10 17 15 16 13 23 25 19 30 21 38 32 35 27 18 28 52 42 24 20 26 33 22 57 138 155 176 1290 2153 554
91 0 1 2 3 6 5 4 7 8 12 13 17 9 15 11 33 38 34 35 30 22 14 16 70 27 48 66 41 20 19 60 18 10 25 112 28 120 176 2591 2513 138
92 0 1 2 3 4 6 5 7 8 15 12 11 9 10 13 17 14 20 21 16 24 18 22 26 27 41 49 25 31 19 42 33 56 35 69 120 28 138 3097 1263 1737
93 0 1 2 3 4 5 6 7 8 9 11 12 17 10 13 15 20 16 24 23 18 19 33 21 14 26 36 49 22 27 42 38 50 30 35 63 126 138 120 1290 2591
94 0 1 2 3 6 5 4 10 8 7 11 9 13 12 23 15 18 16 14 26 21 20 22 31 19 43 29 32 28 77 33 37 25 63 69 725 3244 5921
95 0 1 2 3 4 5 8 6 7 10 11 12 9 14 13 15 16 19 26 18 25 20 54 24 28 43 27 31 37 23 17 38 21 36 22 41 30 148
96 0 1 2 3 4 5 8 7 10 6 9 11 15 12 13 17 19 16 20 18 14 28 21 38 34 25 23 24 33 26 29 22 131 32 30 69 138 485 1502
97 0 1 2 3 4 6 5 7 9 8 13 10 17 12 15 11 16 14 20 34 21 24 18 46 45 27 19 22 33 41 90 28 23 54 25 69 37 121 236 138 9305
98 0 1 2 3 6 5 4 7 9 11 8 12 15 13 17 20 16 19 10 29 24 41 40 25 14 26 18 36 32 51 27 48 23 28 37 4148 120
99 0 1 2 3 5 4 7 6 8 15 10 9 12 14 11 19 13 17 16 25 24 18 39 20 22 29 30 21 23 32 33 36 27 37 38 138 120 155 1334
